Namespace(dataset='amazon', round_gat=20, round_ft=40, num_domain=4, device='cuda:0', target_domain=1, lr_mf=0.005, lr_gat=0.01, embedding_size=16, local_epoch=3, weight_decay=0.0001, num_negative=4, user_batch=16, model='fedgcdr', gnn_type='lightgcn', knowledge=False, only_ft=False, eps=8, dp=True, delta=1e-05, num_users=43989, random_seed=42, description=None)
[Clothing GAT Round 0] hr_5 = 0.1207, ndcg_5 = 0.0909, hr_10 = 0.1606, ndcg_10 = 0.1036
[Clothing GAT Round 1] hr_5 = 0.1679, ndcg_5 = 0.1132, hr_10 = 0.2446, ndcg_10 = 0.1379
[Clothing GAT Round 2] hr_5 = 0.1813, ndcg_5 = 0.1157, hr_10 = 0.2550, ndcg_10 = 0.1395
[Clothing GAT Round 3] hr_5 = 0.1688, ndcg_5 = 0.1050, hr_10 = 0.2526, ndcg_10 = 0.1319
[Clothing GAT Round 4] hr_5 = 0.1670, ndcg_5 = 0.1010, hr_10 = 0.2596, ndcg_10 = 0.1310
[Clothing GAT Round 5] hr_5 = 0.1572, ndcg_5 = 0.0956, hr_10 = 0.2706, ndcg_10 = 0.1330
[Clothing GAT Round 6] hr_5 = 0.1374, ndcg_5 = 0.0830, hr_10 = 0.2608, ndcg_10 = 0.1237
[Clothing GAT Round 7] hr_5 = 0.1303, ndcg_5 = 0.0768, hr_10 = 0.2768, ndcg_10 = 0.1244
[Clothing GAT Round 8] hr_5 = 0.1415, ndcg_5 = 0.0835, hr_10 = 0.2762, ndcg_10 = 0.1272
[Clothing GAT Round 9] hr_5 = 0.1409, ndcg_5 = 0.0838, hr_10 = 0.2708, ndcg_10 = 0.1258
[Clothing GAT Round 10] hr_5 = 0.1439, ndcg_5 = 0.0850, hr_10 = 0.2703, ndcg_10 = 0.1263
[Clothing GAT Round 11] hr_5 = 0.1670, ndcg_5 = 0.0973, hr_10 = 0.2796, ndcg_10 = 0.1340
[Clothing GAT Round 12] hr_5 = 0.1651, ndcg_5 = 0.0958, hr_10 = 0.2806, ndcg_10 = 0.1333
[Clothing GAT Round 13] hr_5 = 0.1636, ndcg_5 = 0.0950, hr_10 = 0.2818, ndcg_10 = 0.1338
[Clothing GAT Round 14] hr_5 = 0.1602, ndcg_5 = 0.0930, hr_10 = 0.2872, ndcg_10 = 0.1349
[Clothing GAT Round 15] hr_5 = 0.1741, ndcg_5 = 0.0992, hr_10 = 0.2902, ndcg_10 = 0.1370
[Clothing GAT Round 16] hr_5 = 0.1756, ndcg_5 = 0.0986, hr_10 = 0.2829, ndcg_10 = 0.1335
[Clothing GAT Round 17] hr_5 = 0.1630, ndcg_5 = 0.0922, hr_10 = 0.2852, ndcg_10 = 0.1323
[Clothing GAT Round 18] hr_5 = 0.1698, ndcg_5 = 0.0937, hr_10 = 0.2823, ndcg_10 = 0.1304
[Clothing GAT Round 19] hr_5 = 0.1731, ndcg_5 = 0.0942, hr_10 = 0.2839, ndcg_10 = 0.1304
[Books GAT Round 0] hr_5 = 0.1290, ndcg_5 = 0.0878, hr_10 = 0.1951, ndcg_10 = 0.1091
[Books GAT Round 1] hr_5 = 0.1915, ndcg_5 = 0.1207, hr_10 = 0.2942, ndcg_10 = 0.1540
[Books GAT Round 2] hr_5 = 0.2175, ndcg_5 = 0.1569, hr_10 = 0.3160, ndcg_10 = 0.1885
[Books GAT Round 3] hr_5 = 0.2359, ndcg_5 = 0.1580, hr_10 = 0.3256, ndcg_10 = 0.1869
[Books GAT Round 4] hr_5 = 0.2166, ndcg_5 = 0.1429, hr_10 = 0.3255, ndcg_10 = 0.1780
[Books GAT Round 5] hr_5 = 0.1810, ndcg_5 = 0.1200, hr_10 = 0.2842, ndcg_10 = 0.1533
[Books GAT Round 6] hr_5 = 0.1466, ndcg_5 = 0.0929, hr_10 = 0.2701, ndcg_10 = 0.1327
[Books GAT Round 7] hr_5 = 0.2050, ndcg_5 = 0.1268, hr_10 = 0.3005, ndcg_10 = 0.1575
[Books GAT Round 8] hr_5 = 0.1902, ndcg_5 = 0.1202, hr_10 = 0.2931, ndcg_10 = 0.1530
[Books GAT Round 9] hr_5 = 0.1888, ndcg_5 = 0.1244, hr_10 = 0.2926, ndcg_10 = 0.1576
[Books GAT Round 10] hr_5 = 0.1525, ndcg_5 = 0.1000, hr_10 = 0.2708, ndcg_10 = 0.1376
[Books GAT Round 11] hr_5 = 0.1586, ndcg_5 = 0.1015, hr_10 = 0.2739, ndcg_10 = 0.1381
[Books GAT Round 12] hr_5 = 0.1677, ndcg_5 = 0.1051, hr_10 = 0.2720, ndcg_10 = 0.1386
[Books GAT Round 13] hr_5 = 0.1675, ndcg_5 = 0.1064, hr_10 = 0.2728, ndcg_10 = 0.1399
[Books GAT Round 14] hr_5 = 0.1619, ndcg_5 = 0.1069, hr_10 = 0.2649, ndcg_10 = 0.1397
[Books GAT Round 15] hr_5 = 0.1732, ndcg_5 = 0.1139, hr_10 = 0.2694, ndcg_10 = 0.1448
[Books GAT Round 16] hr_5 = 0.1662, ndcg_5 = 0.1108, hr_10 = 0.2586, ndcg_10 = 0.1399
[Books GAT Round 17] hr_5 = 0.1742, ndcg_5 = 0.1135, hr_10 = 0.2617, ndcg_10 = 0.1416
[Books GAT Round 18] hr_5 = 0.1723, ndcg_5 = 0.1186, hr_10 = 0.2621, ndcg_10 = 0.1474
[Books GAT Round 19] hr_5 = 0.1868, ndcg_5 = 0.1303, hr_10 = 0.2717, ndcg_10 = 0.1577
[Movies GAT Round 0] hr_5 = 0.1599, ndcg_5 = 0.1186, hr_10 = 0.2200, ndcg_10 = 0.1377
[Movies GAT Round 1] hr_5 = 0.2630, ndcg_5 = 0.1947, hr_10 = 0.3492, ndcg_10 = 0.2224
[Movies GAT Round 2] hr_5 = 0.2496, ndcg_5 = 0.1770, hr_10 = 0.3356, ndcg_10 = 0.2047
[Movies GAT Round 3] hr_5 = 0.2570, ndcg_5 = 0.1773, hr_10 = 0.3470, ndcg_10 = 0.2064
[Movies GAT Round 4] hr_5 = 0.2525, ndcg_5 = 0.1704, hr_10 = 0.3483, ndcg_10 = 0.2013
[Movies GAT Round 5] hr_5 = 0.2437, ndcg_5 = 0.1839, hr_10 = 0.3341, ndcg_10 = 0.2131
[Movies GAT Round 6] hr_5 = 0.2409, ndcg_5 = 0.1705, hr_10 = 0.3273, ndcg_10 = 0.1982
[Movies GAT Round 7] hr_5 = 0.2387, ndcg_5 = 0.1735, hr_10 = 0.3177, ndcg_10 = 0.1988
[Movies GAT Round 8] hr_5 = 0.2401, ndcg_5 = 0.1764, hr_10 = 0.3173, ndcg_10 = 0.2013
[Movies GAT Round 9] hr_5 = 0.2019, ndcg_5 = 0.1415, hr_10 = 0.2868, ndcg_10 = 0.1688
[Movies GAT Round 10] hr_5 = 0.1956, ndcg_5 = 0.1312, hr_10 = 0.2834, ndcg_10 = 0.1597
[Movies GAT Round 11] hr_5 = 0.1953, ndcg_5 = 0.1299, hr_10 = 0.2829, ndcg_10 = 0.1581
[Movies GAT Round 12] hr_5 = 0.1923, ndcg_5 = 0.1333, hr_10 = 0.2786, ndcg_10 = 0.1612
[Movies GAT Round 13] hr_5 = 0.1957, ndcg_5 = 0.1451, hr_10 = 0.2706, ndcg_10 = 0.1692
[Movies GAT Round 14] hr_5 = 0.1925, ndcg_5 = 0.1352, hr_10 = 0.2644, ndcg_10 = 0.1582
[Movies GAT Round 15] hr_5 = 0.2006, ndcg_5 = 0.1434, hr_10 = 0.2702, ndcg_10 = 0.1658
[Movies GAT Round 16] hr_5 = 0.1909, ndcg_5 = 0.1354, hr_10 = 0.2650, ndcg_10 = 0.1594
[Movies GAT Round 17] hr_5 = 0.1997, ndcg_5 = 0.1538, hr_10 = 0.2642, ndcg_10 = 0.1745
[Movies GAT Round 18] hr_5 = 0.1989, ndcg_5 = 0.1535, hr_10 = 0.2605, ndcg_10 = 0.1736
[Movies GAT Round 19] hr_5 = 0.2041, ndcg_5 = 0.1627, hr_10 = 0.2618, ndcg_10 = 0.1809
[CDs GAT Round 0] hr_5 = 0.1055, ndcg_5 = 0.0658, hr_10 = 0.1839, ndcg_10 = 0.0916
[CDs GAT Round 1] hr_5 = 0.1327, ndcg_5 = 0.0928, hr_10 = 0.2117, ndcg_10 = 0.1182
[CDs GAT Round 2] hr_5 = 0.1380, ndcg_5 = 0.0864, hr_10 = 0.2267, ndcg_10 = 0.1149
[CDs GAT Round 3] hr_5 = 0.1392, ndcg_5 = 0.0915, hr_10 = 0.2111, ndcg_10 = 0.1143
[CDs GAT Round 4] hr_5 = 0.1280, ndcg_5 = 0.0917, hr_10 = 0.2048, ndcg_10 = 0.1161
[CDs GAT Round 5] hr_5 = 0.1361, ndcg_5 = 0.0966, hr_10 = 0.2135, ndcg_10 = 0.1214
[CDs GAT Round 6] hr_5 = 0.1474, ndcg_5 = 0.1039, hr_10 = 0.2176, ndcg_10 = 0.1264
[CDs GAT Round 7] hr_5 = 0.1439, ndcg_5 = 0.1024, hr_10 = 0.2267, ndcg_10 = 0.1289
[CDs GAT Round 8] hr_5 = 0.1274, ndcg_5 = 0.0859, hr_10 = 0.2154, ndcg_10 = 0.1142
[CDs GAT Round 9] hr_5 = 0.1377, ndcg_5 = 0.0929, hr_10 = 0.2148, ndcg_10 = 0.1179
[CDs GAT Round 10] hr_5 = 0.1274, ndcg_5 = 0.0878, hr_10 = 0.2042, ndcg_10 = 0.1125
[CDs GAT Round 11] hr_5 = 0.1165, ndcg_5 = 0.0794, hr_10 = 0.1961, ndcg_10 = 0.1045
[CDs GAT Round 12] hr_5 = 0.1264, ndcg_5 = 0.0807, hr_10 = 0.1976, ndcg_10 = 0.1038
[CDs GAT Round 13] hr_5 = 0.1155, ndcg_5 = 0.0739, hr_10 = 0.1958, ndcg_10 = 0.0996
[CDs GAT Round 14] hr_5 = 0.1111, ndcg_5 = 0.0709, hr_10 = 0.1989, ndcg_10 = 0.0995
[CDs GAT Round 15] hr_5 = 0.1246, ndcg_5 = 0.0806, hr_10 = 0.2026, ndcg_10 = 0.1053
[CDs GAT Round 16] hr_5 = 0.1255, ndcg_5 = 0.0829, hr_10 = 0.2017, ndcg_10 = 0.1073
[CDs GAT Round 17] hr_5 = 0.1261, ndcg_5 = 0.0834, hr_10 = 0.2001, ndcg_10 = 0.1069
[CDs GAT Round 18] hr_5 = 0.1314, ndcg_5 = 0.0857, hr_10 = 0.2095, ndcg_10 = 0.1104
[CDs GAT Round 19] hr_5 = 0.1277, ndcg_5 = 0.0890, hr_10 = 0.1945, ndcg_10 = 0.1106
[Books GAT Round 0] hr_5 = 0.1818, ndcg_5 = 0.1237, hr_10 = 0.2626, ndcg_10 = 0.1491
[Books GAT Round 1] hr_5 = 0.1875, ndcg_5 = 0.1256, hr_10 = 0.2598, ndcg_10 = 0.1484
[Books GAT Round 2] hr_5 = 0.1794, ndcg_5 = 0.1217, hr_10 = 0.2600, ndcg_10 = 0.1471
[Books GAT Round 3] hr_5 = 0.1907, ndcg_5 = 0.1299, hr_10 = 0.2636, ndcg_10 = 0.1530
[Books GAT Round 4] hr_5 = 0.1901, ndcg_5 = 0.1308, hr_10 = 0.2678, ndcg_10 = 0.1556
[Books GAT Round 5] hr_5 = 0.2066, ndcg_5 = 0.1436, hr_10 = 0.2731, ndcg_10 = 0.1644
[Books GAT Round 6] hr_5 = 0.2059, ndcg_5 = 0.1471, hr_10 = 0.2716, ndcg_10 = 0.1671
[Books GAT Round 7] hr_5 = 0.2091, ndcg_5 = 0.1495, hr_10 = 0.2717, ndcg_10 = 0.1688
[Books GAT Round 8] hr_5 = 0.2013, ndcg_5 = 0.1383, hr_10 = 0.2710, ndcg_10 = 0.1599
[Books GAT Round 9] hr_5 = 0.2021, ndcg_5 = 0.1529, hr_10 = 0.2703, ndcg_10 = 0.1741
[Books GAT Round 10] hr_5 = 0.2100, ndcg_5 = 0.1558, hr_10 = 0.2743, ndcg_10 = 0.1754
[Books GAT Round 11] hr_5 = 0.2168, ndcg_5 = 0.1554, hr_10 = 0.2818, ndcg_10 = 0.1749
[Books GAT Round 12] hr_5 = 0.2133, ndcg_5 = 0.1469, hr_10 = 0.2807, ndcg_10 = 0.1659
[Books GAT Round 13] hr_5 = 0.2122, ndcg_5 = 0.1454, hr_10 = 0.2808, ndcg_10 = 0.1638
[Books GAT Round 14] hr_5 = 0.2210, ndcg_5 = 0.1567, hr_10 = 0.2858, ndcg_10 = 0.1724
[Books GAT Round 15] hr_5 = 0.2175, ndcg_5 = 0.1483, hr_10 = 0.2881, ndcg_10 = 0.1653
[Books GAT Round 16] hr_5 = 0.2228, ndcg_5 = 0.1583, hr_10 = 0.2926, ndcg_10 = 0.1723
[Books GAT Round 17] hr_5 = 0.2236, ndcg_5 = 0.1590, hr_10 = 0.2926, ndcg_10 = 0.1752
[Books GAT Round 18] hr_5 = 0.2269, ndcg_5 = 0.1656, hr_10 = 0.2935, ndcg_10 = 0.1816
[Books GAT Round 19] hr_5 = 0.2349, ndcg_5 = 0.1700, hr_10 = 0.3026, ndcg_10 = 0.1872
[Books Fine-tuning Round 0] hr_5 = 0.2762, ndcg_5 = 0.2175, hr_10 =0.3346, ndcg_10 = 0.2298
[Books Fine-tuning Round 1] hr_5 = 0.2912, ndcg_5 = 0.2328, hr_10 =0.3499, ndcg_10 = 0.2425
[Books Fine-tuning Round 2] hr_5 = 0.2952, ndcg_5 = 0.2400, hr_10 =0.3563, ndcg_10 = 0.2494
[Books Fine-tuning Round 3] hr_5 = 0.3024, ndcg_5 = 0.2457, hr_10 =0.3606, ndcg_10 = 0.2534
[Books Fine-tuning Round 4] hr_5 = 0.3041, ndcg_5 = 0.2484, hr_10 =0.3660, ndcg_10 = 0.2571
[Books Fine-tuning Round 5] hr_5 = 0.3022, ndcg_5 = 0.2471, hr_10 =0.3663, ndcg_10 = 0.2555
[Books Fine-tuning Round 6] hr_5 = 0.3094, ndcg_5 = 0.2536, hr_10 =0.3725, ndcg_10 = 0.2589
[Books Fine-tuning Round 7] hr_5 = 0.3115, ndcg_5 = 0.2547, hr_10 =0.3753, ndcg_10 = 0.2605
[Books Fine-tuning Round 8] hr_5 = 0.3102, ndcg_5 = 0.2528, hr_10 =0.3757, ndcg_10 = 0.2601
[Books Fine-tuning Round 9] hr_5 = 0.3111, ndcg_5 = 0.2552, hr_10 =0.3788, ndcg_10 = 0.2620
[Books Fine-tuning Round 10] hr_5 = 0.3122, ndcg_5 = 0.2534, hr_10 =0.3816, ndcg_10 = 0.2614
[Books Fine-tuning Round 11] hr_5 = 0.3171, ndcg_5 = 0.2554, hr_10 =0.3862, ndcg_10 = 0.2638
[Books Fine-tuning Round 12] hr_5 = 0.3144, ndcg_5 = 0.2539, hr_10 =0.3841, ndcg_10 = 0.2612
[Books Fine-tuning Round 13] hr_5 = 0.3198, ndcg_5 = 0.2571, hr_10 =0.3889, ndcg_10 = 0.2642
[Books Fine-tuning Round 14] hr_5 = 0.3173, ndcg_5 = 0.2576, hr_10 =0.3898, ndcg_10 = 0.2648
[Books Fine-tuning Round 15] hr_5 = 0.3202, ndcg_5 = 0.2579, hr_10 =0.3909, ndcg_10 = 0.2654
[Books Fine-tuning Round 16] hr_5 = 0.3196, ndcg_5 = 0.2578, hr_10 =0.3912, ndcg_10 = 0.2654
[Books Fine-tuning Round 17] hr_5 = 0.3182, ndcg_5 = 0.2572, hr_10 =0.3886, ndcg_10 = 0.2650
[Books Fine-tuning Round 18] hr_5 = 0.3251, ndcg_5 = 0.2625, hr_10 =0.3943, ndcg_10 = 0.2690
[Books Fine-tuning Round 19] hr_5 = 0.3263, ndcg_5 = 0.2638, hr_10 =0.3945, ndcg_10 = 0.2700
[Books Fine-tuning Round 20] hr_5 = 0.3261, ndcg_5 = 0.2628, hr_10 =0.3961, ndcg_10 = 0.2699
[Books Fine-tuning Round 21] hr_5 = 0.3265, ndcg_5 = 0.2629, hr_10 =0.3959, ndcg_10 = 0.2697
[Books Fine-tuning Round 22] hr_5 = 0.3266, ndcg_5 = 0.2631, hr_10 =0.3972, ndcg_10 = 0.2705
[Books Fine-tuning Round 23] hr_5 = 0.3262, ndcg_5 = 0.2636, hr_10 =0.3969, ndcg_10 = 0.2702
[Books Fine-tuning Round 24] hr_5 = 0.3303, ndcg_5 = 0.2667, hr_10 =0.3980, ndcg_10 = 0.2718
[Books Fine-tuning Round 25] hr_5 = 0.3303, ndcg_5 = 0.2667, hr_10 =0.3992, ndcg_10 = 0.2722
[Books Fine-tuning Round 26] hr_5 = 0.3311, ndcg_5 = 0.2661, hr_10 =0.3991, ndcg_10 = 0.2709
[Books Fine-tuning Round 27] hr_5 = 0.3304, ndcg_5 = 0.2655, hr_10 =0.3987, ndcg_10 = 0.2705
[Books Fine-tuning Round 28] hr_5 = 0.3334, ndcg_5 = 0.2678, hr_10 =0.3996, ndcg_10 = 0.2718
[Books Fine-tuning Round 29] hr_5 = 0.3351, ndcg_5 = 0.2685, hr_10 =0.4019, ndcg_10 = 0.2722
[Books Fine-tuning Round 30] hr_5 = 0.3358, ndcg_5 = 0.2684, hr_10 =0.4029, ndcg_10 = 0.2707
[Books Fine-tuning Round 31] hr_5 = 0.3361, ndcg_5 = 0.2679, hr_10 =0.4034, ndcg_10 = 0.2706
[Books Fine-tuning Round 32] hr_5 = 0.3357, ndcg_5 = 0.2676, hr_10 =0.4037, ndcg_10 = 0.2705
[Books Fine-tuning Round 33] hr_5 = 0.3374, ndcg_5 = 0.2688, hr_10 =0.4047, ndcg_10 = 0.2715
[Books Fine-tuning Round 34] hr_5 = 0.3389, ndcg_5 = 0.2703, hr_10 =0.4053, ndcg_10 = 0.2730
[Books Fine-tuning Round 35] hr_5 = 0.3378, ndcg_5 = 0.2668, hr_10 =0.4050, ndcg_10 = 0.2709
[Books Fine-tuning Round 36] hr_5 = 0.3374, ndcg_5 = 0.2665, hr_10 =0.4062, ndcg_10 = 0.2722
[Books Fine-tuning Round 37] hr_5 = 0.3404, ndcg_5 = 0.2678, hr_10 =0.4077, ndcg_10 = 0.2729
[Books Fine-tuning Round 38] hr_5 = 0.3418, ndcg_5 = 0.2696, hr_10 =0.4078, ndcg_10 = 0.2731
[Books Fine-tuning Round 39] hr_5 = 0.3429, ndcg_5 = 0.2710, hr_10 =0.4082, ndcg_10 = 0.2742
39
hr_5 = 0.34289744106387265, ndcg_5 = 0.2709610099108402, hr_10 = 0.4082208341728793, ndcg_10 = 0.27418622415247834