Namespace(dataset='amazon', round_gat=30, round_ft=60, num_domain=4, device='cuda:0', target_domain=1, lr_mf=0.005, lr_gat=0.001, lr_lightgcn=0.01, embedding_size=16, local_epoch=3, weight_decay=0.0001, num_negative=4, user_batch=16, model='fedgcdr', gnn_type='gat', knowledge=False, only_ft=False, eps=8, dp=True, delta=1e-05, num_users=43989, random_seed=42, description=None)
[Clothing GAT Round 0] hr_5 = 0.0592, ndcg_5 = 0.0362, hr_10 = 0.1023, ndcg_10 = 0.0500
[Clothing GAT Round 1] hr_5 = 0.0843, ndcg_5 = 0.0659, hr_10 = 0.1267, ndcg_10 = 0.0793
[Clothing GAT Round 2] hr_5 = 0.0944, ndcg_5 = 0.0774, hr_10 = 0.1452, ndcg_10 = 0.0935
[Clothing GAT Round 3] hr_5 = 0.1030, ndcg_5 = 0.0859, hr_10 = 0.1499, ndcg_10 = 0.1007
[Clothing GAT Round 4] hr_5 = 0.1094, ndcg_5 = 0.0924, hr_10 = 0.1510, ndcg_10 = 0.1057
[Clothing GAT Round 5] hr_5 = 0.1147, ndcg_5 = 0.0972, hr_10 = 0.1592, ndcg_10 = 0.1114
[Clothing GAT Round 6] hr_5 = 0.1245, ndcg_5 = 0.1032, hr_10 = 0.1654, ndcg_10 = 0.1163
[Clothing GAT Round 7] hr_5 = 0.1289, ndcg_5 = 0.1062, hr_10 = 0.1750, ndcg_10 = 0.1209
[Clothing GAT Round 8] hr_5 = 0.1340, ndcg_5 = 0.1114, hr_10 = 0.1835, ndcg_10 = 0.1272
[Clothing GAT Round 9] hr_5 = 0.1397, ndcg_5 = 0.1154, hr_10 = 0.1914, ndcg_10 = 0.1321
[Clothing GAT Round 10] hr_5 = 0.1471, ndcg_5 = 0.1204, hr_10 = 0.2031, ndcg_10 = 0.1384
[Clothing GAT Round 11] hr_5 = 0.1504, ndcg_5 = 0.1236, hr_10 = 0.2058, ndcg_10 = 0.1414
[Clothing GAT Round 12] hr_5 = 0.1584, ndcg_5 = 0.1279, hr_10 = 0.2140, ndcg_10 = 0.1456
[Clothing GAT Round 13] hr_5 = 0.1594, ndcg_5 = 0.1291, hr_10 = 0.2167, ndcg_10 = 0.1475
[Clothing GAT Round 14] hr_5 = 0.1643, ndcg_5 = 0.1314, hr_10 = 0.2187, ndcg_10 = 0.1488
[Clothing GAT Round 15] hr_5 = 0.1663, ndcg_5 = 0.1335, hr_10 = 0.2203, ndcg_10 = 0.1510
[Clothing GAT Round 16] hr_5 = 0.1674, ndcg_5 = 0.1342, hr_10 = 0.2238, ndcg_10 = 0.1524
[Clothing GAT Round 17] hr_5 = 0.1734, ndcg_5 = 0.1374, hr_10 = 0.2287, ndcg_10 = 0.1552
[Clothing GAT Round 18] hr_5 = 0.1774, ndcg_5 = 0.1389, hr_10 = 0.2323, ndcg_10 = 0.1566
[Clothing GAT Round 19] hr_5 = 0.1785, ndcg_5 = 0.1410, hr_10 = 0.2351, ndcg_10 = 0.1590
[Clothing GAT Round 20] hr_5 = 0.1810, ndcg_5 = 0.1428, hr_10 = 0.2399, ndcg_10 = 0.1617
[Clothing GAT Round 21] hr_5 = 0.1849, ndcg_5 = 0.1459, hr_10 = 0.2432, ndcg_10 = 0.1646
[Clothing GAT Round 22] hr_5 = 0.1849, ndcg_5 = 0.1474, hr_10 = 0.2476, ndcg_10 = 0.1675
[Clothing GAT Round 23] hr_5 = 0.1879, ndcg_5 = 0.1493, hr_10 = 0.2451, ndcg_10 = 0.1678
[Clothing GAT Round 24] hr_5 = 0.1911, ndcg_5 = 0.1498, hr_10 = 0.2511, ndcg_10 = 0.1691
[Clothing GAT Round 25] hr_5 = 0.1927, ndcg_5 = 0.1517, hr_10 = 0.2515, ndcg_10 = 0.1706
[Clothing GAT Round 26] hr_5 = 0.1927, ndcg_5 = 0.1519, hr_10 = 0.2536, ndcg_10 = 0.1716
[Clothing GAT Round 27] hr_5 = 0.1941, ndcg_5 = 0.1527, hr_10 = 0.2561, ndcg_10 = 0.1728
[Clothing GAT Round 28] hr_5 = 0.1952, ndcg_5 = 0.1543, hr_10 = 0.2556, ndcg_10 = 0.1738
[Clothing GAT Round 29] hr_5 = 0.1958, ndcg_5 = 0.1551, hr_10 = 0.2566, ndcg_10 = 0.1746
[Books GAT Round 0] hr_5 = 0.0673, ndcg_5 = 0.0487, hr_10 = 0.1211, ndcg_10 = 0.0658
[Books GAT Round 1] hr_5 = 0.2301, ndcg_5 = 0.1792, hr_10 = 0.3001, ndcg_10 = 0.2017
[Books GAT Round 2] hr_5 = 0.3128, ndcg_5 = 0.2364, hr_10 = 0.3934, ndcg_10 = 0.2623
[Books GAT Round 3] hr_5 = 0.3624, ndcg_5 = 0.2780, hr_10 = 0.4355, ndcg_10 = 0.3016
[Books GAT Round 4] hr_5 = 0.3961, ndcg_5 = 0.3052, hr_10 = 0.4698, ndcg_10 = 0.3291
[Books GAT Round 5] hr_5 = 0.4137, ndcg_5 = 0.3135, hr_10 = 0.4881, ndcg_10 = 0.3375
[Books GAT Round 6] hr_5 = 0.4241, ndcg_5 = 0.3184, hr_10 = 0.5050, ndcg_10 = 0.3445
[Books GAT Round 7] hr_5 = 0.4395, ndcg_5 = 0.3251, hr_10 = 0.5218, ndcg_10 = 0.3517
[Books GAT Round 8] hr_5 = 0.4497, ndcg_5 = 0.3301, hr_10 = 0.5335, ndcg_10 = 0.3571
[Books GAT Round 9] hr_5 = 0.4499, ndcg_5 = 0.3311, hr_10 = 0.5388, ndcg_10 = 0.3600
[Books GAT Round 10] hr_5 = 0.4553, ndcg_5 = 0.3343, hr_10 = 0.5515, ndcg_10 = 0.3654
[Books GAT Round 11] hr_5 = 0.4605, ndcg_5 = 0.3384, hr_10 = 0.5543, ndcg_10 = 0.3688
[Books GAT Round 12] hr_5 = 0.4685, ndcg_5 = 0.3432, hr_10 = 0.5662, ndcg_10 = 0.3749
[Books GAT Round 13] hr_5 = 0.4719, ndcg_5 = 0.3457, hr_10 = 0.5695, ndcg_10 = 0.3772
[Books GAT Round 14] hr_5 = 0.4726, ndcg_5 = 0.3485, hr_10 = 0.5711, ndcg_10 = 0.3800
[Books GAT Round 15] hr_5 = 0.4764, ndcg_5 = 0.3501, hr_10 = 0.5772, ndcg_10 = 0.3828
[Books GAT Round 16] hr_5 = 0.4819, ndcg_5 = 0.3531, hr_10 = 0.5797, ndcg_10 = 0.3845
[Books GAT Round 17] hr_5 = 0.4823, ndcg_5 = 0.3536, hr_10 = 0.5806, ndcg_10 = 0.3851
[Books GAT Round 18] hr_5 = 0.4873, ndcg_5 = 0.3564, hr_10 = 0.5854, ndcg_10 = 0.3881
[Books GAT Round 19] hr_5 = 0.4883, ndcg_5 = 0.3571, hr_10 = 0.5849, ndcg_10 = 0.3881
[Books GAT Round 20] hr_5 = 0.4853, ndcg_5 = 0.3562, hr_10 = 0.5855, ndcg_10 = 0.3884
[Books GAT Round 21] hr_5 = 0.4828, ndcg_5 = 0.3556, hr_10 = 0.5844, ndcg_10 = 0.3881
[Books GAT Round 22] hr_5 = 0.4808, ndcg_5 = 0.3544, hr_10 = 0.5835, ndcg_10 = 0.3873
[Books GAT Round 23] hr_5 = 0.4813, ndcg_5 = 0.3543, hr_10 = 0.5801, ndcg_10 = 0.3861
[Books GAT Round 24] hr_5 = 0.4812, ndcg_5 = 0.3543, hr_10 = 0.5813, ndcg_10 = 0.3862
[Books GAT Round 25] hr_5 = 0.4810, ndcg_5 = 0.3553, hr_10 = 0.5811, ndcg_10 = 0.3874
[Books GAT Round 26] hr_5 = 0.4789, ndcg_5 = 0.3546, hr_10 = 0.5807, ndcg_10 = 0.3872
[Books GAT Round 27] hr_5 = 0.4795, ndcg_5 = 0.3541, hr_10 = 0.5805, ndcg_10 = 0.3864
[Books GAT Round 28] hr_5 = 0.4809, ndcg_5 = 0.3555, hr_10 = 0.5807, ndcg_10 = 0.3874
[Books GAT Round 29] hr_5 = 0.4804, ndcg_5 = 0.3562, hr_10 = 0.5781, ndcg_10 = 0.3872
[Movies GAT Round 0] hr_5 = 0.1531, ndcg_5 = 0.1192, hr_10 = 0.2036, ndcg_10 = 0.1355
[Movies GAT Round 1] hr_5 = 0.3608, ndcg_5 = 0.2744, hr_10 = 0.4288, ndcg_10 = 0.2963
[Movies GAT Round 2] hr_5 = 0.4275, ndcg_5 = 0.3202, hr_10 = 0.4918, ndcg_10 = 0.3409
[Movies GAT Round 3] hr_5 = 0.4507, ndcg_5 = 0.3389, hr_10 = 0.5091, ndcg_10 = 0.3577
[Movies GAT Round 4] hr_5 = 0.4418, ndcg_5 = 0.3308, hr_10 = 0.5020, ndcg_10 = 0.3502
[Movies GAT Round 5] hr_5 = 0.4247, ndcg_5 = 0.3178, hr_10 = 0.4859, ndcg_10 = 0.3376
[Movies GAT Round 6] hr_5 = 0.4057, ndcg_5 = 0.3085, hr_10 = 0.4730, ndcg_10 = 0.3301
[Movies GAT Round 7] hr_5 = 0.3978, ndcg_5 = 0.3041, hr_10 = 0.4676, ndcg_10 = 0.3266
[Movies GAT Round 8] hr_5 = 0.3981, ndcg_5 = 0.3062, hr_10 = 0.4690, ndcg_10 = 0.3291
[Movies GAT Round 9] hr_5 = 0.3993, ndcg_5 = 0.3074, hr_10 = 0.4678, ndcg_10 = 0.3296
[Movies GAT Round 10] hr_5 = 0.3961, ndcg_5 = 0.3028, hr_10 = 0.4651, ndcg_10 = 0.3251
[Movies GAT Round 11] hr_5 = 0.4000, ndcg_5 = 0.3039, hr_10 = 0.4675, ndcg_10 = 0.3257
[Movies GAT Round 12] hr_5 = 0.4023, ndcg_5 = 0.3044, hr_10 = 0.4702, ndcg_10 = 0.3264
[Movies GAT Round 13] hr_5 = 0.4065, ndcg_5 = 0.3062, hr_10 = 0.4746, ndcg_10 = 0.3282
[Movies GAT Round 14] hr_5 = 0.4085, ndcg_5 = 0.3066, hr_10 = 0.4749, ndcg_10 = 0.3283
[Movies GAT Round 15] hr_5 = 0.4110, ndcg_5 = 0.3080, hr_10 = 0.4795, ndcg_10 = 0.3303
[Movies GAT Round 16] hr_5 = 0.4154, ndcg_5 = 0.3088, hr_10 = 0.4822, ndcg_10 = 0.3307
[Movies GAT Round 17] hr_5 = 0.4164, ndcg_5 = 0.3086, hr_10 = 0.4808, ndcg_10 = 0.3295
[Movies GAT Round 18] hr_5 = 0.4203, ndcg_5 = 0.3086, hr_10 = 0.4806, ndcg_10 = 0.3283
[Movies GAT Round 19] hr_5 = 0.4196, ndcg_5 = 0.3059, hr_10 = 0.4816, ndcg_10 = 0.3264
[Movies GAT Round 20] hr_5 = 0.4223, ndcg_5 = 0.3074, hr_10 = 0.4839, ndcg_10 = 0.3276
[Movies GAT Round 21] hr_5 = 0.4193, ndcg_5 = 0.3058, hr_10 = 0.4836, ndcg_10 = 0.3267
[Movies GAT Round 22] hr_5 = 0.4179, ndcg_5 = 0.3045, hr_10 = 0.4851, ndcg_10 = 0.3267
[Movies GAT Round 23] hr_5 = 0.4191, ndcg_5 = 0.3038, hr_10 = 0.4877, ndcg_10 = 0.3260
[Movies GAT Round 24] hr_5 = 0.4209, ndcg_5 = 0.3040, hr_10 = 0.4875, ndcg_10 = 0.3257
[Movies GAT Round 25] hr_5 = 0.4194, ndcg_5 = 0.3040, hr_10 = 0.4863, ndcg_10 = 0.3258
[Movies GAT Round 26] hr_5 = 0.4193, ndcg_5 = 0.3027, hr_10 = 0.4865, ndcg_10 = 0.3248
[Movies GAT Round 27] hr_5 = 0.4194, ndcg_5 = 0.3027, hr_10 = 0.4856, ndcg_10 = 0.3245
[Movies GAT Round 28] hr_5 = 0.4197, ndcg_5 = 0.3020, hr_10 = 0.4878, ndcg_10 = 0.3242
[Movies GAT Round 29] hr_5 = 0.4194, ndcg_5 = 0.3017, hr_10 = 0.4858, ndcg_10 = 0.3234
[CDs GAT Round 0] hr_5 = 0.0384, ndcg_5 = 0.0236, hr_10 = 0.0777, ndcg_10 = 0.0361
[CDs GAT Round 1] hr_5 = 0.0606, ndcg_5 = 0.0380, hr_10 = 0.1074, ndcg_10 = 0.0532
[CDs GAT Round 2] hr_5 = 0.0840, ndcg_5 = 0.0603, hr_10 = 0.1396, ndcg_10 = 0.0781
[CDs GAT Round 3] hr_5 = 0.1105, ndcg_5 = 0.0809, hr_10 = 0.1808, ndcg_10 = 0.1032
[CDs GAT Round 4] hr_5 = 0.1280, ndcg_5 = 0.0943, hr_10 = 0.2042, ndcg_10 = 0.1187
[CDs GAT Round 5] hr_5 = 0.1499, ndcg_5 = 0.1102, hr_10 = 0.2223, ndcg_10 = 0.1333
[CDs GAT Round 6] hr_5 = 0.1602, ndcg_5 = 0.1192, hr_10 = 0.2392, ndcg_10 = 0.1444
[CDs GAT Round 7] hr_5 = 0.1727, ndcg_5 = 0.1280, hr_10 = 0.2504, ndcg_10 = 0.1530
[CDs GAT Round 8] hr_5 = 0.1864, ndcg_5 = 0.1392, hr_10 = 0.2648, ndcg_10 = 0.1642
[CDs GAT Round 9] hr_5 = 0.1958, ndcg_5 = 0.1445, hr_10 = 0.2744, ndcg_10 = 0.1695
[CDs GAT Round 10] hr_5 = 0.1992, ndcg_5 = 0.1485, hr_10 = 0.2854, ndcg_10 = 0.1761
[CDs GAT Round 11] hr_5 = 0.2023, ndcg_5 = 0.1501, hr_10 = 0.2975, ndcg_10 = 0.1806
[CDs GAT Round 12] hr_5 = 0.2054, ndcg_5 = 0.1523, hr_10 = 0.3057, ndcg_10 = 0.1843
[CDs GAT Round 13] hr_5 = 0.2032, ndcg_5 = 0.1506, hr_10 = 0.3053, ndcg_10 = 0.1835
[CDs GAT Round 14] hr_5 = 0.2076, ndcg_5 = 0.1524, hr_10 = 0.3169, ndcg_10 = 0.1877
[CDs GAT Round 15] hr_5 = 0.2132, ndcg_5 = 0.1553, hr_10 = 0.3219, ndcg_10 = 0.1904
[CDs GAT Round 16] hr_5 = 0.2157, ndcg_5 = 0.1564, hr_10 = 0.3294, ndcg_10 = 0.1931
[CDs GAT Round 17] hr_5 = 0.2198, ndcg_5 = 0.1592, hr_10 = 0.3334, ndcg_10 = 0.1959
[CDs GAT Round 18] hr_5 = 0.2257, ndcg_5 = 0.1623, hr_10 = 0.3394, ndcg_10 = 0.1988
[CDs GAT Round 19] hr_5 = 0.2304, ndcg_5 = 0.1626, hr_10 = 0.3462, ndcg_10 = 0.1999
[CDs GAT Round 20] hr_5 = 0.2360, ndcg_5 = 0.1647, hr_10 = 0.3500, ndcg_10 = 0.2014
[CDs GAT Round 21] hr_5 = 0.2416, ndcg_5 = 0.1668, hr_10 = 0.3569, ndcg_10 = 0.2040
[CDs GAT Round 22] hr_5 = 0.2532, ndcg_5 = 0.1727, hr_10 = 0.3687, ndcg_10 = 0.2098
[CDs GAT Round 23] hr_5 = 0.2594, ndcg_5 = 0.1745, hr_10 = 0.3712, ndcg_10 = 0.2109
[CDs GAT Round 24] hr_5 = 0.2688, ndcg_5 = 0.1775, hr_10 = 0.3796, ndcg_10 = 0.2133
[CDs GAT Round 25] hr_5 = 0.2726, ndcg_5 = 0.1808, hr_10 = 0.3862, ndcg_10 = 0.2181
[CDs GAT Round 26] hr_5 = 0.2741, ndcg_5 = 0.1811, hr_10 = 0.3881, ndcg_10 = 0.2182
[CDs GAT Round 27] hr_5 = 0.2810, ndcg_5 = 0.1854, hr_10 = 0.3940, ndcg_10 = 0.2218
[CDs GAT Round 28] hr_5 = 0.2869, ndcg_5 = 0.1867, hr_10 = 0.3968, ndcg_10 = 0.2226
[CDs GAT Round 29] hr_5 = 0.2910, ndcg_5 = 0.1881, hr_10 = 0.3940, ndcg_10 = 0.2216
[Books GAT Round 0] hr_5 = 0.3718, ndcg_5 = 0.2658, hr_10 = 0.4604, ndcg_10 = 0.2944
[Books GAT Round 1] hr_5 = 0.3765, ndcg_5 = 0.2708, hr_10 = 0.4688, ndcg_10 = 0.3005
[Books GAT Round 2] hr_5 = 0.4029, ndcg_5 = 0.2935, hr_10 = 0.4936, ndcg_10 = 0.3224
[Books GAT Round 3] hr_5 = 0.4550, ndcg_5 = 0.3413, hr_10 = 0.5535, ndcg_10 = 0.3713
[Books GAT Round 4] hr_5 = 0.4463, ndcg_5 = 0.3332, hr_10 = 0.5491, ndcg_10 = 0.3643
[Books GAT Round 5] hr_5 = 0.4156, ndcg_5 = 0.3058, hr_10 = 0.5171, ndcg_10 = 0.3373
[Books GAT Round 6] hr_5 = 0.3865, ndcg_5 = 0.2777, hr_10 = 0.4847, ndcg_10 = 0.3087
[Books GAT Round 7] hr_5 = 0.3694, ndcg_5 = 0.2612, hr_10 = 0.4617, ndcg_10 = 0.2903
[Books GAT Round 8] hr_5 = 0.3570, ndcg_5 = 0.2520, hr_10 = 0.4462, ndcg_10 = 0.2803
[Books GAT Round 9] hr_5 = 0.3568, ndcg_5 = 0.2513, hr_10 = 0.4513, ndcg_10 = 0.2813
[Books GAT Round 10] hr_5 = 0.3623, ndcg_5 = 0.2548, hr_10 = 0.4519, ndcg_10 = 0.2830
[Books GAT Round 11] hr_5 = 0.3652, ndcg_5 = 0.2557, hr_10 = 0.4545, ndcg_10 = 0.2836
[Books GAT Round 12] hr_5 = 0.3649, ndcg_5 = 0.2561, hr_10 = 0.4582, ndcg_10 = 0.2852
[Books GAT Round 13] hr_5 = 0.3640, ndcg_5 = 0.2567, hr_10 = 0.4559, ndcg_10 = 0.2855
[Books GAT Round 14] hr_5 = 0.3607, ndcg_5 = 0.2558, hr_10 = 0.4541, ndcg_10 = 0.2853
[Books GAT Round 15] hr_5 = 0.3706, ndcg_5 = 0.2630, hr_10 = 0.4649, ndcg_10 = 0.2927
[Books GAT Round 16] hr_5 = 0.3740, ndcg_5 = 0.2676, hr_10 = 0.4659, ndcg_10 = 0.2965
[Books GAT Round 17] hr_5 = 0.3663, ndcg_5 = 0.2580, hr_10 = 0.4590, ndcg_10 = 0.2870
[Books GAT Round 18] hr_5 = 0.3683, ndcg_5 = 0.2604, hr_10 = 0.4584, ndcg_10 = 0.2884
[Books GAT Round 19] hr_5 = 0.3660, ndcg_5 = 0.2586, hr_10 = 0.4595, ndcg_10 = 0.2876
[Books GAT Round 20] hr_5 = 0.3668, ndcg_5 = 0.2552, hr_10 = 0.4633, ndcg_10 = 0.2852
[Books GAT Round 21] hr_5 = 0.3684, ndcg_5 = 0.2567, hr_10 = 0.4580, ndcg_10 = 0.2836
[Books GAT Round 22] hr_5 = 0.3637, ndcg_5 = 0.2540, hr_10 = 0.4549, ndcg_10 = 0.2817
[Books GAT Round 23] hr_5 = 0.3666, ndcg_5 = 0.2558, hr_10 = 0.4617, ndcg_10 = 0.2844
[Books GAT Round 24] hr_5 = 0.3670, ndcg_5 = 0.2564, hr_10 = 0.4600, ndcg_10 = 0.2842
[Books GAT Round 25] hr_5 = 0.3678, ndcg_5 = 0.2566, hr_10 = 0.4614, ndcg_10 = 0.2851
[Books GAT Round 26] hr_5 = 0.3639, ndcg_5 = 0.2551, hr_10 = 0.4570, ndcg_10 = 0.2837
[Books GAT Round 27] hr_5 = 0.3647, ndcg_5 = 0.2532, hr_10 = 0.4592, ndcg_10 = 0.2820
[Books GAT Round 28] hr_5 = 0.3640, ndcg_5 = 0.2530, hr_10 = 0.4546, ndcg_10 = 0.2808
[Books GAT Round 29] hr_5 = 0.3620, ndcg_5 = 0.2520, hr_10 = 0.4552, ndcg_10 = 0.2802
[Books Fine-tuning Round 0] hr_5 = 0.4615, ndcg_5 = 0.3442, hr_10 =0.5570, ndcg_10 = 0.3739
[Books Fine-tuning Round 1] hr_5 = 0.4683, ndcg_5 = 0.3451, hr_10 =0.5614, ndcg_10 = 0.3741
[Books Fine-tuning Round 2] hr_5 = 0.4689, ndcg_5 = 0.3441, hr_10 =0.5635, ndcg_10 = 0.3737
[Books Fine-tuning Round 3] hr_5 = 0.4696, ndcg_5 = 0.3424, hr_10 =0.5625, ndcg_10 = 0.3714
[Books Fine-tuning Round 4] hr_5 = 0.4767, ndcg_5 = 0.3473, hr_10 =0.5616, ndcg_10 = 0.3738
[Books Fine-tuning Round 5] hr_5 = 0.4707, ndcg_5 = 0.3454, hr_10 =0.5582, ndcg_10 = 0.3729
[Books Fine-tuning Round 6] hr_5 = 0.4698, ndcg_5 = 0.3464, hr_10 =0.5573, ndcg_10 = 0.3739
[Books Fine-tuning Round 7] hr_5 = 0.4717, ndcg_5 = 0.3499, hr_10 =0.5596, ndcg_10 = 0.3775
[Books Fine-tuning Round 8] hr_5 = 0.4718, ndcg_5 = 0.3512, hr_10 =0.5587, ndcg_10 = 0.3786
[Books Fine-tuning Round 9] hr_5 = 0.4720, ndcg_5 = 0.3552, hr_10 =0.5572, ndcg_10 = 0.3819
[Books Fine-tuning Round 10] hr_5 = 0.4685, ndcg_5 = 0.3535, hr_10 =0.5555, ndcg_10 = 0.3806
[Books Fine-tuning Round 11] hr_5 = 0.4692, ndcg_5 = 0.3544, hr_10 =0.5545, ndcg_10 = 0.3809
[Books Fine-tuning Round 12] hr_5 = 0.4711, ndcg_5 = 0.3581, hr_10 =0.5553, ndcg_10 = 0.3844
[Books Fine-tuning Round 13] hr_5 = 0.4746, ndcg_5 = 0.3600, hr_10 =0.5579, ndcg_10 = 0.3859
[Books Fine-tuning Round 14] hr_5 = 0.4758, ndcg_5 = 0.3587, hr_10 =0.5608, ndcg_10 = 0.3851
[Books Fine-tuning Round 15] hr_5 = 0.4784, ndcg_5 = 0.3619, hr_10 =0.5616, ndcg_10 = 0.3878
[Books Fine-tuning Round 16] hr_5 = 0.4789, ndcg_5 = 0.3633, hr_10 =0.5631, ndcg_10 = 0.3896
[Books Fine-tuning Round 17] hr_5 = 0.4793, ndcg_5 = 0.3636, hr_10 =0.5645, ndcg_10 = 0.3902
[Books Fine-tuning Round 18] hr_5 = 0.4792, ndcg_5 = 0.3672, hr_10 =0.5639, ndcg_10 = 0.3935
[Books Fine-tuning Round 19] hr_5 = 0.4801, ndcg_5 = 0.3690, hr_10 =0.5652, ndcg_10 = 0.3953
[Books Fine-tuning Round 20] hr_5 = 0.4794, ndcg_5 = 0.3676, hr_10 =0.5678, ndcg_10 = 0.3950
[Books Fine-tuning Round 21] hr_5 = 0.4823, ndcg_5 = 0.3691, hr_10 =0.5706, ndcg_10 = 0.3962
[Books Fine-tuning Round 22] hr_5 = 0.4840, ndcg_5 = 0.3706, hr_10 =0.5720, ndcg_10 = 0.3978
[Books Fine-tuning Round 23] hr_5 = 0.4854, ndcg_5 = 0.3721, hr_10 =0.5726, ndcg_10 = 0.3990
[Books Fine-tuning Round 24] hr_5 = 0.4849, ndcg_5 = 0.3693, hr_10 =0.5727, ndcg_10 = 0.3965
[Books Fine-tuning Round 25] hr_5 = 0.4864, ndcg_5 = 0.3698, hr_10 =0.5736, ndcg_10 = 0.3969
[Books Fine-tuning Round 26] hr_5 = 0.4886, ndcg_5 = 0.3723, hr_10 =0.5748, ndcg_10 = 0.3988
[Books Fine-tuning Round 27] hr_5 = 0.4889, ndcg_5 = 0.3726, hr_10 =0.5773, ndcg_10 = 0.3999
[Books Fine-tuning Round 28] hr_5 = 0.4884, ndcg_5 = 0.3730, hr_10 =0.5784, ndcg_10 = 0.4008
[Books Fine-tuning Round 29] hr_5 = 0.4883, ndcg_5 = 0.3722, hr_10 =0.5795, ndcg_10 = 0.4003
[Books Fine-tuning Round 30] hr_5 = 0.4890, ndcg_5 = 0.3720, hr_10 =0.5808, ndcg_10 = 0.4001
[Books Fine-tuning Round 31] hr_5 = 0.4918, ndcg_5 = 0.3751, hr_10 =0.5801, ndcg_10 = 0.4019
[Books Fine-tuning Round 32] hr_5 = 0.4927, ndcg_5 = 0.3758, hr_10 =0.5817, ndcg_10 = 0.4026
[Books Fine-tuning Round 33] hr_5 = 0.4950, ndcg_5 = 0.3775, hr_10 =0.5854, ndcg_10 = 0.4047
[Books Fine-tuning Round 34] hr_5 = 0.4977, ndcg_5 = 0.3796, hr_10 =0.5869, ndcg_10 = 0.4063
[Books Fine-tuning Round 35] hr_5 = 0.4982, ndcg_5 = 0.3810, hr_10 =0.5891, ndcg_10 = 0.4085
[Books Fine-tuning Round 36] hr_5 = 0.4968, ndcg_5 = 0.3793, hr_10 =0.5902, ndcg_10 = 0.4074
[Books Fine-tuning Round 37] hr_5 = 0.4997, ndcg_5 = 0.3800, hr_10 =0.5923, ndcg_10 = 0.4078
[Books Fine-tuning Round 38] hr_5 = 0.5008, ndcg_5 = 0.3818, hr_10 =0.5948, ndcg_10 = 0.4103
[Books Fine-tuning Round 39] hr_5 = 0.5020, ndcg_5 = 0.3805, hr_10 =0.5965, ndcg_10 = 0.4089
[Books Fine-tuning Round 40] hr_5 = 0.5033, ndcg_5 = 0.3813, hr_10 =0.5971, ndcg_10 = 0.4091
[Books Fine-tuning Round 41] hr_5 = 0.5047, ndcg_5 = 0.3828, hr_10 =0.5975, ndcg_10 = 0.4102
[Books Fine-tuning Round 42] hr_5 = 0.5055, ndcg_5 = 0.3835, hr_10 =0.5982, ndcg_10 = 0.4108
[Books Fine-tuning Round 43] hr_5 = 0.5052, ndcg_5 = 0.3829, hr_10 =0.5983, ndcg_10 = 0.4101
[Books Fine-tuning Round 44] hr_5 = 0.5047, ndcg_5 = 0.3819, hr_10 =0.5984, ndcg_10 = 0.4093
[Books Fine-tuning Round 45] hr_5 = 0.5077, ndcg_5 = 0.3851, hr_10 =0.5985, ndcg_10 = 0.4116
[Books Fine-tuning Round 46] hr_5 = 0.5099, ndcg_5 = 0.3869, hr_10 =0.5997, ndcg_10 = 0.4130
[Books Fine-tuning Round 47] hr_5 = 0.5105, ndcg_5 = 0.3853, hr_10 =0.6014, ndcg_10 = 0.4119
[Books Fine-tuning Round 48] hr_5 = 0.5124, ndcg_5 = 0.3875, hr_10 =0.6041, ndcg_10 = 0.4141
[Books Fine-tuning Round 49] hr_5 = 0.5149, ndcg_5 = 0.3900, hr_10 =0.6051, ndcg_10 = 0.4160
[Books Fine-tuning Round 50] hr_5 = 0.5157, ndcg_5 = 0.3888, hr_10 =0.6056, ndcg_10 = 0.4147
[Books Fine-tuning Round 51] hr_5 = 0.5165, ndcg_5 = 0.3890, hr_10 =0.6069, ndcg_10 = 0.4147
[Books Fine-tuning Round 52] hr_5 = 0.5172, ndcg_5 = 0.3877, hr_10 =0.6093, ndcg_10 = 0.4139
[Books Fine-tuning Round 53] hr_5 = 0.5211, ndcg_5 = 0.3893, hr_10 =0.6114, ndcg_10 = 0.4146
[Books Fine-tuning Round 54] hr_5 = 0.5223, ndcg_5 = 0.3898, hr_10 =0.6125, ndcg_10 = 0.4149
[Books Fine-tuning Round 55] hr_5 = 0.5240, ndcg_5 = 0.3908, hr_10 =0.6122, ndcg_10 = 0.4150
[Books Fine-tuning Round 56] hr_5 = 0.5238, ndcg_5 = 0.3913, hr_10 =0.6146, ndcg_10 = 0.4162
[Books Fine-tuning Round 57] hr_5 = 0.5233, ndcg_5 = 0.3912, hr_10 =0.6152, ndcg_10 = 0.4159
[Books Fine-tuning Round 58] hr_5 = 0.5233, ndcg_5 = 0.3911, hr_10 =0.6162, ndcg_10 = 0.4156
[Books Fine-tuning Round 59] hr_5 = 0.5213, ndcg_5 = 0.3906, hr_10 =0.6154, ndcg_10 = 0.4153
58
hr_5 = 0.524037880314326, ndcg_5 = 0.39130381227332256, hr_10 = 0.6161998791053798, ndcg_10 = 0.4161780771458795